<?xml version="1.0" encoding="UTF-8"?>
<!-- Generated by org.testng.reporters.JUnitXMLReporter -->
<testsuite ignored="0" hostname="ShubhoOyndrila" failures="0" tests="3" name="Default test" time="14.444" errors="0" timestamp="2023-05-18T02:28:10 BDT">
  <testcase classname="com.juiceshop.testcase.TestCaseProblem1" name="enterLoginPage" time="0.828"/>
  <testcase classname="com.juiceshop.testcase.TestCaseProblem1" name="addItem" time="1.766"/>
  <testcase classname="com.juiceshop.testcase.TestCaseProblem1" name="addAddress" time="5.425"/>
</testsuite> <!-- Default test -->
