<?xml version="1.0" encoding="UTF-8"?>
<testng-results ignored="0" total="3" passed="3" failed="0" skipped="0">
  <reporter-output>
  </reporter-output>
  <suite started-at="2023-05-18T02:27:56 BDT" name="Default suite" finished-at="2023-05-18T02:28:10 BDT" duration-ms="14444">
    <groups>
    </groups>
    <test started-at="2023-05-18T02:27:56 BDT" name="Default test" finished-at="2023-05-18T02:28:10 BDT" duration-ms="14444">
      <class name="com.juiceshop.testcase.TestCaseProblem1">
        <test-method is-config="true" signature="setup()[pri:0, instance:com.juiceshop.testcase.TestCaseProblem1@1283bb96]" started-at="2023-05-18T02:27:56 BDT" name="setup" finished-at="2023-05-18T02:28:02 BDT" duration-ms="6373" status="PASS">
          <reporter-output>
          </reporter-output>
        </test-method> <!-- setup -->
        <test-method signature="enterLoginPage()[pri:0, instance:com.juiceshop.testcase.TestCaseProblem1@1283bb96]" started-at="2023-05-18T02:28:02 BDT" name="enterLoginPage" finished-at="2023-05-18T02:28:03 BDT" duration-ms="828" status="PASS">
          <reporter-output>
          </reporter-output>
        </test-method> <!-- enterLoginPage -->
        <test-method signature="addItem()[pri:1, instance:com.juiceshop.testcase.TestCaseProblem1@1283bb96]" started-at="2023-05-18T02:28:03 BDT" name="addItem" finished-at="2023-05-18T02:28:05 BDT" duration-ms="1766" status="PASS">
          <reporter-output>
          </reporter-output>
        </test-method> <!-- addItem -->
        <test-method signature="addAddress()[pri:2, instance:com.juiceshop.testcase.TestCaseProblem1@1283bb96]" started-at="2023-05-18T02:28:05 BDT" name="addAddress" finished-at="2023-05-18T02:28:10 BDT" duration-ms="5425" status="PASS">
          <reporter-output>
          </reporter-output>
        </test-method> <!-- addAddress -->
      </class> <!-- com.juiceshop.testcase.TestCaseProblem1 -->
    </test> <!-- Default test -->
  </suite> <!-- Default suite -->
</testng-results>
